<?xml version="1.0" encoding="UTF-8"?>
<TestRun id="cd470071-10a3-40b6-80ab-7098050df80c" name="Dad@DAVE-PC 2011-10-17 19:05:11" runUser="DAVE-PC\Dad" xmlns="http://microsoft.com/schemas/VisualStudio/TeamTest/2010">
  <TestSettings name="Default Test Settings" id="e4673a03-dbf3-4a7e-96db-c42ec10a3206">
    <Execution>
      <TestTypeSpecific />
      <AgentRule name="Execution Agents">
      </AgentRule>
    </Execution>
    <Deployment runDeploymentRoot="Dad_DAVE-PC 2011-10-17 19_05_11" />
  </TestSettings>
  <Times creation="2011-10-17T19:05:11.8736845-05:00" queuing="2011-10-17T19:05:14.3248247-05:00" start="2011-10-17T19:05:14.8668557-05:00" finish="2011-10-17T19:05:21.8532553-05:00" />
  <ResultSummary outcome="Failed">
    <Counters total="1" executed="1" error="0" failed="1" timeout="0" aborted="0" inconclusive="0" passedButRunAborted="0" notRunnable="0" notExecuted="0" disconnected="0" warning="0" passed="0" completed="0" inProgress="0" pending="0" />
  </ResultSummary>
  <TestDefinitions>
    <UnitTest name="MembershipManager" storage="c:\users\dad\documents\visual studio 2010\projects\agiledevdays\agiledevdays\agiledevdays.web.tests\bin\release\agiledevdays.web.tests.dll" id="1040c504-7b62-70b4-fc63-b0aa64a7e061">
      <Execution timeOut="1800000" id="3071c6ce-3b7c-44a8-996f-77e6b32eca45" />
      <TestMethod codeBase="C:/Users/Dad/Documents/Visual Studio 2010/Projects/AgileDevDays/AgileDevDays/AgileDevDays.Web.Tests/bin/Release/AgileDevDays.Web.Tests.DLL" adapterTypeName="Microsoft.VisualStudio.TestTools.TestTypes.Unit.UnitTestAdapter, Microsoft.VisualStudio.QualityTools.Tips.UnitTest.Adapter, Version=10.0.0.0, Culture=neutral, PublicKeyToken=b03f5f7f11d50a3a" className="AgileDevDays.Web.Tests.Controllers.HomeControllerTest, AgileDevDays.Web.Tests, Version=1.0.0.0, Culture=neutral, PublicKeyToken=null" name="MembershipManager" />
    </UnitTest>
  </TestDefinitions>
  <TestLists>
    <TestList name="Results Not in a List" id="8c84fa94-04c1-424b-9868-57a2d4851a1d" />
    <TestList name="All Loaded Results" id="19431567-8539-422a-85d7-44ee4e166bda" />
  </TestLists>
  <TestEntries>
    <TestEntry testId="1040c504-7b62-70b4-fc63-b0aa64a7e061" executionId="3071c6ce-3b7c-44a8-996f-77e6b32eca45" testListId="8c84fa94-04c1-424b-9868-57a2d4851a1d" />
  </TestEntries>
  <Results>
    <UnitTestResult executionId="3071c6ce-3b7c-44a8-996f-77e6b32eca45" testId="1040c504-7b62-70b4-fc63-b0aa64a7e061" testName="MembershipManager" computerName="DAVE-PC" duration="00:00:06.5550810" startTime="2011-10-17T19:05:14.9908628-05:00" endTime="2011-10-17T19:05:21.6792453-05:00" testType="13cdc9d9-ddb5-4fa4-a97d-d965ccfc6d4b" outcome="Failed" testListId="8c84fa94-04c1-424b-9868-57a2d4851a1d" relativeResultsDirectory="3071c6ce-3b7c-44a8-996f-77e6b32eca45">
      <Output>
        <ErrorInfo>
          <Message>Test method AgileDevDays.Web.Tests.Controllers.HomeControllerTest.MembershipManager threw exception: 
System.Data.EntityCommandExecutionException: An error occurred while executing the command definition. See the inner exception for details. ---&gt; System.Data.SqlClient.SqlException: Invalid object name 'dbo.Applications'.</Message>
          <StackTrace>    at System.Data.SqlClient.SqlConnection.OnError(SqlException exception, Boolean breakConnection)
   at System.Data.SqlClient.SqlInternalConnection.OnError(SqlException exception, Boolean breakConnection)
   at System.Data.SqlClient.TdsParser.ThrowExceptionAndWarning()
   at System.Data.SqlClient.TdsParser.TryRun(RunBehavior runBehavior, SqlCommand cmdHandler, SqlDataReader dataStream, BulkCopySimpleResultSet bulkCopyHandler, TdsParserStateObject stateObj, Boolean&amp; dataReady)
   at System.Data.SqlClient.SqlDataReader.TryConsumeMetaData()
   at System.Data.SqlClient.SqlDataReader.get_MetaData()
   at System.Data.SqlClient.SqlCommand.FinishExecuteReader(SqlDataReader ds, RunBehavior runBehavior, String resetOptionsString)
   at System.Data.SqlClient.SqlCommand.RunExecuteReaderTds(CommandBehavior cmdBehavior, RunBehavior runBehavior, Boolean returnStream, Boolean async, Int32 timeout)
   at System.Data.SqlClient.SqlCommand.RunExecuteReader(CommandBehavior cmdBehavior, RunBehavior runBehavior, Boolean returnStream, String method, TaskCompletionSource`1 completion, Int32 timeout)
   at System.Data.SqlClient.SqlCommand.RunExecuteReader(CommandBehavior cmdBehavior, RunBehavior runBehavior, Boolean returnStream, String method)
   at System.Data.SqlClient.SqlCommand.ExecuteReader(CommandBehavior behavior, String method)
   at System.Data.SqlClient.SqlCommand.ExecuteDbDataReader(CommandBehavior behavior)
   at System.Data.Common.DbCommand.ExecuteReader(CommandBehavior behavior)
   at System.Data.EntityClient.EntityCommandDefinition.ExecuteStoreCommands(EntityCommand entityCommand, CommandBehavior behavior)
 --- End of inner exception stack trace ---
    at System.Data.EntityClient.EntityCommandDefinition.ExecuteStoreCommands(EntityCommand entityCommand, CommandBehavior behavior)
   at System.Data.Objects.Internal.ObjectQueryExecutionPlan.Execute[TResultType](ObjectContext context, ObjectParameterCollection parameterValues)
   at System.Data.Objects.ObjectQuery`1.GetResults(Nullable`1 forMergeOption)
   at System.Data.Objects.ObjectQuery`1.System.Collections.Generic.IEnumerable&lt;T&gt;.GetEnumerator()
   at System.Linq.Enumerable.FirstOrDefault[TSource](IEnumerable`1 source)
   at System.Data.Objects.ELinq.ObjectQueryProvider.&lt;GetElementFunction&gt;b__1[TResult](IEnumerable`1 sequence)
   at System.Data.Objects.ELinq.ObjectQueryProvider.ExecuteSingle[TResult](IEnumerable`1 query, Expression queryRoot)
   at System.Data.Objects.ELinq.ObjectQueryProvider.System.Linq.IQueryProvider.Execute[S](Expression expression)
   at System.Data.Entity.Internal.Linq.DbQueryProvider.Execute[TResult](Expression expression)
   at System.Linq.Queryable.FirstOrDefault[TSource](IQueryable`1 source)
   at AgileDevDays.Infrastructure.ApplicationSourceRepository.GetSingle[T](Expression`1 where) in C:\Users\Dad\Documents\Visual Studio 2010\Projects\AgileDevDays\AgileDevDays\AgileDevDays.Infrastructure\ApplicationSourceRepository.cs:line 27
   at AgileDevDays.Core.Membership.MembershipManager.GetApplicationId() in C:\Users\Dad\Documents\Visual Studio 2010\Projects\AgileDevDays\AgileDevDays\AgileDevDays.Core\Membership\MembershipManager.cs:line 33
   at AgileDevDays.Web.Tests.Controllers.HomeControllerTest.MembershipManager() in C:\Users\Dad\Documents\Visual Studio 2010\Projects\AgileDevDays\AgileDevDays\AgileDevDays.Web.Tests\Controllers\HomeControllerTest.cs:line 46
</StackTrace>
        </ErrorInfo>
      </Output>
    </UnitTestResult>
  </Results>
</TestRun>