<?xml version="1.0" encoding="UTF-8"?>
<TestRun id="098cb350-6bd7-413e-80c1-c81d02995367" name="Dad@DAVE-PC 2011-10-17 19:31:25" runUser="DAVE-PC\Dad" xmlns="http://microsoft.com/schemas/VisualStudio/TeamTest/2010">
  <TestSettings name="Default Test Settings" id="22283ea1-8279-466d-a4e5-7ba791b3cfe1">
    <Execution>
      <TestTypeSpecific />
      <AgentRule name="Execution Agents">
      </AgentRule>
    </Execution>
    <Deployment runDeploymentRoot="Dad_DAVE-PC 2011-10-17 19_31_25" />
  </TestSettings>
  <Times creation="2011-10-17T19:31:25.8737121-05:00" queuing="2011-10-17T19:31:27.0567798-05:00" start="2011-10-17T19:31:27.4798040-05:00" finish="2011-10-17T19:31:33.6181551-05:00" />
  <ResultSummary outcome="Failed">
    <Counters total="1" executed="1" error="0" failed="1" timeout="0" aborted="0" inconclusive="0" passedButRunAborted="0" notRunnable="0" notExecuted="0" disconnected="0" warning="0" passed="0" completed="0" inProgress="0" pending="0" />
  </ResultSummary>
  <TestDefinitions>
    <UnitTest name="MembershipManager" storage="c:\users\dad\documents\visual studio 2010\projects\agiledevdays\agiledevdays\agiledevdays.web.tests\bin\release\agiledevdays.web.tests.dll" id="1040c504-7b62-70b4-fc63-b0aa64a7e061">
      <Execution timeOut="1800000" id="dddec875-10fa-4ac7-adbc-3d01ea79960f" />
      <TestMethod codeBase="C:/Users/Dad/Documents/Visual Studio 2010/Projects/AgileDevDays/AgileDevDays/AgileDevDays.Web.Tests/bin/Release/AgileDevDays.Web.Tests.DLL" adapterTypeName="Microsoft.VisualStudio.TestTools.TestTypes.Unit.UnitTestAdapter, Microsoft.VisualStudio.QualityTools.Tips.UnitTest.Adapter, Version=10.0.0.0, Culture=neutral, PublicKeyToken=b03f5f7f11d50a3a" className="AgileDevDays.Web.Tests.Controllers.HomeControllerTest, AgileDevDays.Web.Tests, Version=1.0.0.0, Culture=neutral, PublicKeyToken=null" name="MembershipManager" />
    </UnitTest>
  </TestDefinitions>
  <TestLists>
    <TestList name="Results Not in a List" id="8c84fa94-04c1-424b-9868-57a2d4851a1d" />
    <TestList name="All Loaded Results" id="19431567-8539-422a-85d7-44ee4e166bda" />
  </TestLists>
  <TestEntries>
    <TestEntry testId="1040c504-7b62-70b4-fc63-b0aa64a7e061" executionId="dddec875-10fa-4ac7-adbc-3d01ea79960f" testListId="8c84fa94-04c1-424b-9868-57a2d4851a1d" />
  </TestEntries>
  <Results>
    <UnitTestResult executionId="dddec875-10fa-4ac7-adbc-3d01ea79960f" testId="1040c504-7b62-70b4-fc63-b0aa64a7e061" testName="MembershipManager" computerName="DAVE-PC" duration="00:00:05.7446434" startTime="2011-10-17T19:31:27.5298069-05:00" endTime="2011-10-17T19:31:33.4741469-05:00" testType="13cdc9d9-ddb5-4fa4-a97d-d965ccfc6d4b" outcome="Failed" testListId="8c84fa94-04c1-424b-9868-57a2d4851a1d" relativeResultsDirectory="dddec875-10fa-4ac7-adbc-3d01ea79960f">
      <Output>
        <ErrorInfo>
          <Message>Test method AgileDevDays.Web.Tests.Controllers.HomeControllerTest.MembershipManager threw exception: 
System.Data.EntityCommandExecutionException: An error occurred while executing the command definition. See the inner exception for details. ---&gt; System.Data.SqlClient.SqlException: Invalid object name 'dbo.Applications'.</Message>
          <StackTrace>    at System.Data.SqlClient.SqlConnection.OnError(SqlException exception, Boolean breakConnection)
   at System.Data.SqlClient.SqlInternalConnection.OnError(SqlException exception, Boolean breakConnection)
   at System.Data.SqlClient.TdsParser.ThrowExceptionAndWarning()
   at System.Data.SqlClient.TdsParser.TryRun(RunBehavior runBehavior, SqlCommand cmdHandler, SqlDataReader dataStream, BulkCopySimpleResultSet bulkCopyHandler, TdsParserStateObject stateObj, Boolean&amp; dataReady)
   at System.Data.SqlClient.SqlDataReader.TryConsumeMetaData()
   at System.Data.SqlClient.SqlDataReader.get_MetaData()
   at System.Data.SqlClient.SqlCommand.FinishExecuteReader(SqlDataReader ds, RunBehavior runBehavior, String resetOptionsString)
   at System.Data.SqlClient.SqlCommand.RunExecuteReaderTds(CommandBehavior cmdBehavior, RunBehavior runBehavior, Boolean returnStream, Boolean async, Int32 timeout)
   at System.Data.SqlClient.SqlCommand.RunExecuteReader(CommandBehavior cmdBehavior, RunBehavior runBehavior, Boolean returnStream, String method, TaskCompletionSource`1 completion, Int32 timeout)
   at System.Data.SqlClient.SqlCommand.RunExecuteReader(CommandBehavior cmdBehavior, RunBehavior runBehavior, Boolean returnStream, String method)
   at System.Data.SqlClient.SqlCommand.ExecuteReader(CommandBehavior behavior, String method)
   at System.Data.SqlClient.SqlCommand.ExecuteDbDataReader(CommandBehavior behavior)
   at System.Data.Common.DbCommand.ExecuteReader(CommandBehavior behavior)
   at System.Data.EntityClient.EntityCommandDefinition.ExecuteStoreCommands(EntityCommand entityCommand, CommandBehavior behavior)
 --- End of inner exception stack trace ---
    at System.Data.EntityClient.EntityCommandDefinition.ExecuteStoreCommands(EntityCommand entityCommand, CommandBehavior behavior)
   at System.Data.Objects.Internal.ObjectQueryExecutionPlan.Execute[TResultType](ObjectContext context, ObjectParameterCollection parameterValues)
   at System.Data.Objects.ObjectQuery`1.GetResults(Nullable`1 forMergeOption)
   at System.Data.Objects.ObjectQuery`1.System.Collections.Generic.IEnumerable&lt;T&gt;.GetEnumerator()
   at System.Linq.Enumerable.FirstOrDefault[TSource](IEnumerable`1 source)
   at System.Data.Objects.ELinq.ObjectQueryProvider.&lt;GetElementFunction&gt;b__1[TResult](IEnumerable`1 sequence)
   at System.Data.Objects.ELinq.ObjectQueryProvider.ExecuteSingle[TResult](IEnumerable`1 query, Expression queryRoot)
   at System.Data.Objects.ELinq.ObjectQueryProvider.System.Linq.IQueryProvider.Execute[S](Expression expression)
   at System.Data.Entity.Internal.Linq.DbQueryProvider.Execute[TResult](Expression expression)
   at System.Linq.Queryable.FirstOrDefault[TSource](IQueryable`1 source)
   at AgileDevDays.Infrastructure.ApplicationSourceRepository.GetSingle[T](Expression`1 where) in C:\Users\Dad\Documents\Visual Studio 2010\Projects\AgileDevDays\AgileDevDays\AgileDevDays.Infrastructure\ApplicationSourceRepository.cs:line 27
   at AgileDevDays.Core.Membership.MembershipManager.GetApplicationId() in C:\Users\Dad\Documents\Visual Studio 2010\Projects\AgileDevDays\AgileDevDays\AgileDevDays.Core\Membership\MembershipManager.cs:line 33
   at AgileDevDays.Web.Tests.Controllers.HomeControllerTest.MembershipManager() in C:\Users\Dad\Documents\Visual Studio 2010\Projects\AgileDevDays\AgileDevDays\AgileDevDays.Web.Tests\Controllers\HomeControllerTest.cs:line 46
</StackTrace>
        </ErrorInfo>
      </Output>
    </UnitTestResult>
  </Results>
</TestRun>