<?xml version="1.0" encoding="UTF-8"?>
<TestRun id="c0b3fa00-0dec-40d2-af6c-486d0f2e2604" name="Dad@DAVE-PC 2011-10-17 19:00:51" runUser="DAVE-PC\Dad" xmlns="http://microsoft.com/schemas/VisualStudio/TeamTest/2010">
  <TestSettings name="Default Test Settings" id="b97db6d9-cf0c-4ce6-b581-7fe87e6a1b09">
    <Execution>
      <TestTypeSpecific />
      <AgentRule name="Execution Agents">
      </AgentRule>
    </Execution>
    <Deployment runDeploymentRoot="Dad_DAVE-PC 2011-10-17 19_00_51" />
  </TestSettings>
  <Times creation="2011-10-17T19:00:51.3087810-05:00" queuing="2011-10-17T19:00:52.2248334-05:00" start="2011-10-17T19:00:52.9598755-05:00" finish="2011-10-17T19:00:57.5941405-05:00" />
  <ResultSummary outcome="Failed">
    <Counters total="1" executed="1" error="0" failed="1" timeout="0" aborted="0" inconclusive="0" passedButRunAborted="0" notRunnable="0" notExecuted="0" disconnected="0" warning="0" passed="0" completed="0" inProgress="0" pending="0" />
  </ResultSummary>
  <TestDefinitions>
    <UnitTest name="MembershipManager" storage="c:\users\dad\documents\visual studio 2010\projects\agiledevdays\agiledevdays\agiledevdays.web.tests\bin\release\agiledevdays.web.tests.dll" id="1040c504-7b62-70b4-fc63-b0aa64a7e061">
      <Execution timeOut="1800000" id="e164f4c3-cd02-41fa-9c70-185701b5e508" />
      <TestMethod codeBase="C:/Users/Dad/Documents/Visual Studio 2010/Projects/AgileDevDays/AgileDevDays/AgileDevDays.Web.Tests/bin/Release/AgileDevDays.Web.Tests.DLL" adapterTypeName="Microsoft.VisualStudio.TestTools.TestTypes.Unit.UnitTestAdapter, Microsoft.VisualStudio.QualityTools.Tips.UnitTest.Adapter, Version=10.0.0.0, Culture=neutral, PublicKeyToken=b03f5f7f11d50a3a" className="AgileDevDays.Web.Tests.Controllers.HomeControllerTest, AgileDevDays.Web.Tests, Version=1.0.0.0, Culture=neutral, PublicKeyToken=null" name="MembershipManager" />
    </UnitTest>
  </TestDefinitions>
  <TestLists>
    <TestList name="Results Not in a List" id="8c84fa94-04c1-424b-9868-57a2d4851a1d" />
    <TestList name="All Loaded Results" id="19431567-8539-422a-85d7-44ee4e166bda" />
  </TestLists>
  <TestEntries>
    <TestEntry testId="1040c504-7b62-70b4-fc63-b0aa64a7e061" executionId="e164f4c3-cd02-41fa-9c70-185701b5e508" testListId="8c84fa94-04c1-424b-9868-57a2d4851a1d" />
  </TestEntries>
  <Results>
    <UnitTestResult executionId="e164f4c3-cd02-41fa-9c70-185701b5e508" testId="1040c504-7b62-70b4-fc63-b0aa64a7e061" testName="MembershipManager" computerName="DAVE-PC" duration="00:00:04.3202463" startTime="2011-10-17T19:00:53.0088783-05:00" endTime="2011-10-17T19:00:57.4041297-05:00" testType="13cdc9d9-ddb5-4fa4-a97d-d965ccfc6d4b" outcome="Failed" testListId="8c84fa94-04c1-424b-9868-57a2d4851a1d" relativeResultsDirectory="e164f4c3-cd02-41fa-9c70-185701b5e508">
      <Output>
        <ErrorInfo>
          <Message>Test method AgileDevDays.Web.Tests.Controllers.HomeControllerTest.MembershipManager threw exception: 
System.Data.Entity.ModelConfiguration.ModelValidationException: One or more validation errors were detected during model generation:

	System.Data.Edm.EdmEntityType: : EntityType 'AuthenticationSources' has no key defined. Define the key for this EntityType.
	System.Data.Edm.EdmEntityType: : EntityType 'Applications' has no key defined. Define the key for this EntityType.
	System.Data.Edm.EdmEntitySet: EntityType: EntitySet �AuthenticationSources� is based on type �AuthenticationSources� that has no keys defined.
	System.Data.Edm.EdmEntitySet: EntityType: EntitySet �Applications� is based on type �Applications� that has no keys defined.
</Message>
          <StackTrace>    at System.Data.Entity.ModelConfiguration.Edm.EdmModelExtensions.ValidateAndSerializeCsdl(EdmModel model, XmlWriter writer)
   at System.Data.Entity.DbModelBuilder.Build(DbProviderManifest providerManifest, DbProviderInfo providerInfo)
   at System.Data.Entity.DbModelBuilder.Build(DbConnection providerConnection)
   at System.Data.Entity.Internal.LazyInternalContext.CreateModel(LazyInternalContext internalContext)
   at System.Data.Entity.Internal.RetryLazy`2.GetValue(TInput input)
   at System.Data.Entity.Internal.LazyInternalContext.InitializeContext()
   at System.Data.Entity.Internal.InternalContext.GetEntitySetAndBaseTypeForType(Type entityType)
   at System.Data.Entity.Internal.Linq.InternalSet`1.Initialize()
   at System.Data.Entity.Internal.Linq.InternalSet`1.get_InternalContext()
   at System.Data.Entity.Infrastructure.DbQuery`1.System.Linq.IQueryable.get_Provider()
   at System.Linq.Queryable.Where[TSource](IQueryable`1 source, Expression`1 predicate)
   at AgileDevDays.Infrastructure.ApplicationSourceRepository.GetSingle[T](Expression`1 where) in C:\Users\Dad\Documents\Visual Studio 2010\Projects\AgileDevDays\AgileDevDays\AgileDevDays.Infrastructure\ApplicationSourceRepository.cs:line 27
   at AgileDevDays.Core.Membership.MembershipManager.GetApplicationId() in C:\Users\Dad\Documents\Visual Studio 2010\Projects\AgileDevDays\AgileDevDays\AgileDevDays.Core\Membership\MembershipManager.cs:line 33
   at AgileDevDays.Web.Tests.Controllers.HomeControllerTest.MembershipManager() in C:\Users\Dad\Documents\Visual Studio 2010\Projects\AgileDevDays\AgileDevDays\AgileDevDays.Web.Tests\Controllers\HomeControllerTest.cs:line 46
</StackTrace>
        </ErrorInfo>
      </Output>
    </UnitTestResult>
  </Results>
</TestRun>